#
# A fatal error has been detected by the Java Runtime Environment:
#
#  Internal Error (0x20474343), pid=7256, tid=0x00000000000013cc
#
# JRE version: Java(TM) SE Runtime Environment (8.0_111-b14) (build 1.8.0_111-b14)
# Java VM: Java HotSpot(TM) 64-Bit Server VM (25.111-b14 mixed mode windows-amd64 compressed oops)
# Problematic frame:
# C  [KERNELBASE.dll+0x17788]
#
# Failed to write core dump. Minidumps are not enabled by default on client versions of Windows
#
# If you would like to submit a bug report, please visit:
#   http://bugreport.java.com/bugreport/crash.jsp
# The crash happened outside the Java Virtual Machine in native code.
# See problematic frame for where to report the bug.
#

---------------  T H R E A D  ---------------

Current thread (0x000000001967c000):  JavaThread "Animation Thread" [_thread_in_native, id=5068, stack(0x000000001b470000,0x000000001b570000)]

siginfo: ExceptionCode=0x20474343, ExceptionInformation=0x000000001b8d6670 

Registers:
RAX=0x00000000010d0cc0, RBX=0x000000001b8d6670, RCX=0x00007ff900000014, RDX=0x00007ff9e76305f0
RSP=0x000000001b56e2c0, RBP=0x000000001b56e480, RSI=0x000000006ba3c5d0, RDI=0x000000001b8d66b0
R8 =0x00000000014f0000, R9 =0x0000000000000002, R10=0x000000001b56de90, R11=0x0000000000000001
R12=0x0000000000000000, R13=0x000000001ac11910, R14=0x000000001b56e900, R15=0x000000001967c000
RIP=0x00007ff9e6217788, EFLAGS=0x0000000000000206

Top of Stack: (sp=0x000000001b56e2c0)
0x000000001b56e2c0:   000000001b8d9400 000000001b8d6670
0x000000001b56e2d0:   000000006ba3c5d0 000000001b8d66b0
0x000000001b56e2e0:   0000000020474343 0000000000000000
0x000000001b56e2f0:   00007ff9e6217788 0000000000000001
0x000000001b56e300:   000000001b8d6670 0000000064945588
0x000000001b56e310:   000000001967c000 000000001b56e900
0x000000001b56e320:   000000001ac11910 0000000000000010
0x000000001b56e330:   0000000000000018 0000000000000008
0x000000001b56e340:   000000001b8d6828 00007ff9e9429e50
0x000000001b56e350:   0000000000000000 0000000000000018
0x000000001b56e360:   000000001ac11910 000000001b560000
0x000000001b56e370:   000000006ba4b1e0 000000006b99960a
0x000000001b56e380:   000053332e9b0176 0000000000000008
0x000000001b56e390:   0000000000000000 000000006b999117
0x000000001b56e3a0:   000000001b8d66b0 000000006ba3c5d0
0x000000001b56e3b0:   000000006ba551d0 000000001b56e480 

Instructions: (pc=0x00007ff9e6217788)
0x00007ff9e6217768:   49 8b d1 44 0f 47 c0 44 89 44 24 38 49 c1 e0 03
0x00007ff9e6217778:   e8 57 54 06 00 48 8d 4c 24 20 ff 15 a0 08 13 00
0x00007ff9e6217788:   48 8b 8c 24 c0 00 00 00 48 33 cc e8 e8 19 06 00
0x00007ff9e6217798:   48 81 c4 d8 00 00 00 c3 83 64 24 38 00 eb d6 cc 


Register to memory mapping:

RAX=0x00000000010d0cc0 is an unknown value
RBX=0x000000001b8d6670 is an unknown value
RCX=0x00007ff900000014 is an unknown value
RDX=0x00007ff9e76305f0 is an unknown value
RSP=0x000000001b56e2c0 is pointing into the stack for thread: 0x000000001967c000
RBP=0x000000001b56e480 is pointing into the stack for thread: 0x000000001967c000
RSI=0x000000006ba3c5d0 is an unknown value
RDI=0x000000001b8d66b0 is an unknown value
R8 =0x00000000014f0000 is an unknown value
R9 =0x0000000000000002 is an unknown value
R10=0x000000001b56de90 is pointing into the stack for thread: 0x000000001967c000
R11=0x0000000000000001 is an unknown value
R12=0x0000000000000000 is an unknown value
R13={method} {0x000000001ac11918} 'engineNew' '(II)I' in 'processing/sound/MethClaInterface'
R14=0x000000001b56e900 is pointing into the stack for thread: 0x000000001967c000
R15=0x000000001967c000 is a thread


Stack: [0x000000001b470000,0x000000001b570000],  sp=0x000000001b56e2c0,  free space=1016k
Native frames: (J=compiled Java code, j=interpreted, Vv=VM code, C=native code)
C  [KERNELBASE.dll+0x17788]
C  [libMethClaInterface.dll+0x19117]
C  [libMethClaInterface.dll+0xc7561]
C  [libMethClaInterface.dll+0x1859]
C  [libMethClaInterface.dll+0x1a4b]
C  [libMethClaInterface.dll+0x294b3]
C  [libMethClaInterface.dll+0x1d96]
C  0x0000000002e9100c

Java frames: (J=compiled Java code, j=interpreted, Vv=VM code)
j  processing.sound.MethClaInterface.engineNew(II)I+0
j  processing.sound.Engine.<init>()V+23
j  processing.sound.Engine.<init>(Lprocessing/sound/Engine$1;)V+1
j  processing.sound.Engine$LazyHolder.<clinit>()V+5
v  ~StubRoutines::call_stub
j  processing.sound.Engine.start()Lprocessing/sound/Engine;+0
j  processing.sound.AudioIn.<init>(Lprocessing/core/PApplet;I)V+73
j  noiseGraph.setup()V+13
j  processing.core.PApplet.handleDraw()V+81
j  processing.awt.PSurfaceAWT$12.callDraw()V+7
j  processing.core.PSurfaceNone$AnimationThread.run()V+30
v  ~StubRoutines::call_stub

---------------  P R O C E S S  ---------------

Java Threads: ( => current thread )
  0x0000000002d73800 JavaThread "DestroyJavaVM" [_thread_blocked, id=12048, stack(0x0000000002ab0000,0x0000000002bb0000)]
=>0x000000001967c000 JavaThread "Animation Thread" [_thread_in_native, id=5068, stack(0x000000001b470000,0x000000001b570000)]
  0x00000000198ee000 JavaThread "Image Fetcher 1" daemon [_thread_blocked, id=5308, stack(0x000000001b270000,0x000000001b370000)]
  0x0000000019f70800 JavaThread "Image Fetcher 0" daemon [_thread_blocked, id=12888, stack(0x000000001b170000,0x000000001b270000)]
  0x0000000019f6b000 JavaThread "AWT-EventQueue-0" [_thread_blocked, id=8652, stack(0x000000001aa50000,0x000000001ab50000)]
  0x0000000019ee5000 JavaThread "AWT-Windows" daemon [_thread_in_native, id=7956, stack(0x000000001a720000,0x000000001a820000)]
  0x0000000019ee4000 JavaThread "AWT-Shutdown" [_thread_blocked, id=8912, stack(0x000000001a620000,0x000000001a720000)]
  0x0000000019ee3800 JavaThread "Java2D Disposer" daemon [_thread_blocked, id=10052, stack(0x000000001a520000,0x000000001a620000)]
  0x000000001951e800 JavaThread "Service Thread" daemon [_thread_blocked, id=6848, stack(0x00000000199f0000,0x0000000019af0000)]
  0x0000000017a0e800 JavaThread "C1 CompilerThread2" daemon [_thread_blocked, id=10128, stack(0x00000000198f0000,0x00000000199f0000)]
  0x00000000179d8800 JavaThread "C2 CompilerThread1" daemon [_thread_blocked, id=13868, stack(0x00000000193f0000,0x00000000194f0000)]
  0x00000000179d6800 JavaThread "C2 CompilerThread0" daemon [_thread_blocked, id=5000, stack(0x00000000192f0000,0x00000000193f0000)]
  0x00000000179ca800 JavaThread "JDWP Command Reader" daemon [_thread_in_native, id=7960, stack(0x00000000191f0000,0x00000000192f0000)]
  0x00000000179c3800 JavaThread "JDWP Event Helper Thread" daemon [_thread_blocked, id=14432, stack(0x00000000190f0000,0x00000000191f0000)]
  0x00000000179b6000 JavaThread "JDWP Transport Listener: dt_socket" daemon [_thread_blocked, id=2244, stack(0x0000000018ff0000,0x00000000190f0000)]
  0x00000000179b1800 JavaThread "Attach Listener" daemon [_thread_blocked, id=11696, stack(0x0000000018ef0000,0x0000000018ff0000)]
  0x00000000179b0800 JavaThread "Signal Dispatcher" daemon [_thread_blocked, id=3096, stack(0x0000000018df0000,0x0000000018ef0000)]
  0x000000001799a800 JavaThread "Finalizer" daemon [_thread_blocked, id=13420, stack(0x0000000018c00000,0x0000000018d00000)]
  0x0000000017979000 JavaThread "Reference Handler" daemon [_thread_blocked, id=13332, stack(0x0000000018b00000,0x0000000018c00000)]

Other Threads:
  0x0000000017976000 VMThread [stack: 0x0000000018a00000,0x0000000018b00000] [id=9196]
  0x0000000019559800 WatcherThread [stack: 0x0000000019af0000,0x0000000019bf0000] [id=1500]

VM state:not at safepoint (normal execution)

VM Mutex/Monitor currently owned by a thread: None

Heap:
 PSYoungGen      total 38400K, used 18430K [0x00000000d5e00000, 0x00000000d8880000, 0x0000000100000000)
  eden space 33280K, 55% used [0x00000000d5e00000,0x00000000d6fff878,0x00000000d7e80000)
  from space 5120K, 0% used [0x00000000d8380000,0x00000000d8380000,0x00000000d8880000)
  to   space 5120K, 0% used [0x00000000d7e80000,0x00000000d7e80000,0x00000000d8380000)
 ParOldGen       total 87552K, used 0K [0x0000000081a00000, 0x0000000086f80000, 0x00000000d5e00000)
  object space 87552K, 0% used [0x0000000081a00000,0x0000000081a00000,0x0000000086f80000)
 Metaspace       used 10070K, capacity 10248K, committed 10496K, reserved 1058816K
  class space    used 1102K, capacity 1156K, committed 1280K, reserved 1048576K

Card table byte_map: [0x0000000012230000,0x0000000012630000] byte_map_base: 0x0000000011e23000

Marking Bits: (ParMarkBitMap*) 0x0000000053fea6c0
 Begin Bits: [0x0000000012ce0000, 0x0000000014c78000)
 End Bits:   [0x0000000014c78000, 0x0000000016c10000)

Polling page: 0x00000000014d0000

CodeCache: size=245760Kb used=1997Kb max_used=1997Kb free=243762Kb
 bounds [0x0000000002e70000, 0x00000000030e0000, 0x0000000011e70000]
 total_blobs=889 nmethods=415 adapters=395
 compilation: enabled

Compilation events (10 events):
Event: 10.926 Thread 0x0000000017a0e800  410       3       sun.util.locale.LocaleUtils::isUpper (18 bytes)
Event: 10.926 Thread 0x0000000017a0e800 nmethod 410 0x0000000003060bd0 code [0x0000000003060d20, 0x0000000003060ef0]
Event: 10.930 Thread 0x0000000017a0e800  411       3       sun.util.locale.LocaleUtils::toLower (17 bytes)
Event: 10.930 Thread 0x0000000017a0e800 nmethod 411 0x00000000030621d0 code [0x0000000003062340, 0x00000000030625b0]
Event: 10.931 Thread 0x0000000017a0e800  413       3       java.lang.String::<init> (15 bytes)
Event: 10.931 Thread 0x0000000017a0e800 nmethod 413 0x0000000003062a10 code [0x0000000003062ba0, 0x0000000003062fa8]
Event: 10.932 Thread 0x0000000017a0e800  414       1       java.beans.PropertyChangeEvent::getPropertyName (5 bytes)
Event: 10.932 Thread 0x0000000017a0e800 nmethod 414 0x0000000003063190 code [0x00000000030632e0, 0x00000000030633f0]
Event: 10.932 Thread 0x0000000017a0e800  415       1       sun.util.locale.StringTokenIterator::isDone (5 bytes)
Event: 10.932 Thread 0x0000000017a0e800 nmethod 415 0x0000000003063450 code [0x00000000030635a0, 0x00000000030636b0]

GC Heap History (0 events):
No events

Deoptimization events (0 events):
No events

Internal exceptions (10 events):
Event: 0.958 Thread 0x0000000002d73800 Exception <a 'java/security/PrivilegedActionException'> (0x00000000d622a218) thrown at [C:\re\workspace\8-2-build-windows-amd64-cygwin\jdk8u111\7883\hotspot\src\share\vm\prims\jvm.cpp, line 1386]
Event: 0.958 Thread 0x0000000002d73800 Exception <a 'java/security/PrivilegedActionException'> (0x00000000d622a428) thrown at [C:\re\workspace\8-2-build-windows-amd64-cygwin\jdk8u111\7883\hotspot\src\share\vm\prims\jvm.cpp, line 1386]
Event: 0.959 Thread 0x0000000002d73800 Exception <a 'java/security/PrivilegedActionException'> (0x00000000d6230ab0) thrown at [C:\re\workspace\8-2-build-windows-amd64-cygwin\jdk8u111\7883\hotspot\src\share\vm\prims\jvm.cpp, line 1386]
Event: 0.959 Thread 0x0000000002d73800 Exception <a 'java/security/PrivilegedActionException'> (0x00000000d6230cc0) thrown at [C:\re\workspace\8-2-build-windows-amd64-cygwin\jdk8u111\7883\hotspot\src\share\vm\prims\jvm.cpp, line 1386]
Event: 0.982 Thread 0x0000000002d73800 Exception <a 'java/security/PrivilegedActionException'> (0x00000000d6275958) thrown at [C:\re\workspace\8-2-build-windows-amd64-cygwin\jdk8u111\7883\hotspot\src\share\vm\prims\jvm.cpp, line 1386]
Event: 0.982 Thread 0x0000000002d73800 Exception <a 'java/security/PrivilegedActionException'> (0x00000000d6275b68) thrown at [C:\re\workspace\8-2-build-windows-amd64-cygwin\jdk8u111\7883\hotspot\src\share\vm\prims\jvm.cpp, line 1386]
Event: 1.026 Thread 0x0000000002d73800 Exception <a 'java/io/FileNotFoundException'> (0x00000000d6280a20) thrown at [C:\re\workspace\8-2-build-windows-amd64-cygwin\jdk8u111\7883\hotspot\src\share\vm\prims\jni.cpp, line 709]
Event: 1.231 Thread 0x0000000002d73800 Exception <a 'java/lang/NoSuchFieldError': method resolution failed> (0x00000000d634dde0) thrown at [C:\re\workspace\8-2-build-windows-amd64-cygwin\jdk8u111\7883\hotspot\src\share\vm\prims\methodHandles.cpp, line 1146]
Event: 1.236 Thread 0x0000000002d73800 Exception <a 'java/lang/NoSuchFieldError': method resolution failed> (0x00000000d635b160) thrown at [C:\re\workspace\8-2-build-windows-amd64-cygwin\jdk8u111\7883\hotspot\src\share\vm\prims\methodHandles.cpp, line 1146]
Event: 2.120 Thread 0x0000000002d73800 Exception <a 'java/io/FileNotFoundException'> (0x00000000d64a5110) thrown at [C:\re\workspace\8-2-build-windows-amd64-cygwin\jdk8u111\7883\hotspot\src\share\vm\prims\jni.cpp, line 709]

Events (10 events):
Event: 10.937 loading class java/awt/Component$FlipBufferStrategy done
Event: 10.937 loading class java/awt/Component$FlipSubRegionBufferStrategy done
Event: 10.937 loading class sun/java2d/pipe/hw/ExtendedBufferCapabilities
Event: 10.938 loading class sun/java2d/pipe/hw/ExtendedBufferCapabilities done
Event: 10.938 loading class java/awt/AWTException
Event: 10.938 loading class java/awt/AWTException done
Event: 10.938 loading class java/awt/Component$BltSubRegionBufferStrategy
Event: 10.938 loading class java/awt/Component$BltBufferStrategy
Event: 10.938 loading class java/awt/Component$BltBufferStrategy done
Event: 10.938 loading class java/awt/Component$BltSubRegionBufferStrategy done


Dynamic libraries:
0x00007ff71f7c0000 - 0x00007ff71f7f7000 	C:\Users\Sachini\Documents\GitHub\Research\Heart Rate Monitor\Processing\processing-3.2.3\java\bin\java.exe
0x00007ff9e9cf0000 - 0x00007ff9e9ec1000 	C:\WINDOWS\SYSTEM32\ntdll.dll
0x00007ff9e9050000 - 0x00007ff9e90fb000 	C:\WINDOWS\System32\KERNEL32.DLL
0x00007ff9e6200000 - 0x00007ff9e641d000 	C:\WINDOWS\System32\KERNELBASE.dll
0x00007ff9e9c40000 - 0x00007ff9e9ce2000 	C:\WINDOWS\System32\ADVAPI32.dll
0x00007ff9e9410000 - 0x00007ff9e94ae000 	C:\WINDOWS\System32\msvcrt.dll
0x00007ff9e75b0000 - 0x00007ff9e7609000 	C:\WINDOWS\System32\sechost.dll
0x00007ff9e8d60000 - 0x00007ff9e8e81000 	C:\WINDOWS\System32\RPCRT4.dll
0x00007ff9e9100000 - 0x00007ff9e9265000 	C:\WINDOWS\System32\USER32.dll
0x00007ff9e61e0000 - 0x00007ff9e61fe000 	C:\WINDOWS\System32\win32u.dll
0x00007ff9e9c00000 - 0x00007ff9e9c34000 	C:\WINDOWS\System32\GDI32.dll
0x00007ff9e6490000 - 0x00007ff9e6612000 	C:\WINDOWS\System32\gdi32full.dll
0x00007ff9dc8a0000 - 0x00007ff9dcb19000 	C:\WINDOWS\WinSxS\amd64_microsoft.windows.common-controls_6595b64144ccf1df_6.0.14393.447_none_42191651c6827bb3\COMCTL32.dll
0x00007ff9e72e0000 - 0x00007ff9e75a7000 	C:\WINDOWS\System32\combase.dll
0x00007ff9e6e10000 - 0x00007ff9e6f05000 	C:\WINDOWS\System32\ucrtbase.dll
0x00007ff9e6420000 - 0x00007ff9e648a000 	C:\WINDOWS\System32\bcryptPrimitives.dll
0x00007ff9e76d0000 - 0x00007ff9e76fe000 	C:\WINDOWS\System32\IMM32.DLL
0x0000000054070000 - 0x0000000054142000 	C:\Users\Sachini\Documents\GitHub\Research\Heart Rate Monitor\Processing\processing-3.2.3\java\bin\msvcr100.dll
0x00000000537d0000 - 0x000000005406a000 	C:\Users\Sachini\Documents\GitHub\Research\Heart Rate Monitor\Processing\processing-3.2.3\java\bin\server\jvm.dll
0x00007ff9e7770000 - 0x00007ff9e7778000 	C:\WINDOWS\System32\PSAPI.DLL
0x00007ff9d8100000 - 0x00007ff9d8109000 	C:\WINDOWS\SYSTEM32\WSOCK32.dll
0x00007ff9e94b0000 - 0x00007ff9e951a000 	C:\WINDOWS\System32\WS2_32.dll
0x00007ff9e44e0000 - 0x00007ff9e4503000 	C:\WINDOWS\SYSTEM32\WINMM.dll
0x00007ff9e5210000 - 0x00007ff9e521a000 	C:\WINDOWS\SYSTEM32\VERSION.dll
0x00007ff9e44b0000 - 0x00007ff9e44db000 	C:\WINDOWS\SYSTEM32\WINMMBASE.dll
0x00007ff9e7190000 - 0x00007ff9e71d2000 	C:\WINDOWS\System32\cfgmgr32.dll
0x00000000537c0000 - 0x00000000537cf000 	C:\Users\Sachini\Documents\GitHub\Research\Heart Rate Monitor\Processing\processing-3.2.3\java\bin\verify.dll
0x0000000053790000 - 0x00000000537b9000 	C:\Users\Sachini\Documents\GitHub\Research\Heart Rate Monitor\Processing\processing-3.2.3\java\bin\java.dll
0x00000000528a0000 - 0x00000000528d5000 	C:\Users\Sachini\Documents\GitHub\Research\Heart Rate Monitor\Processing\processing-3.2.3\java\bin\jdwp.dll
0x0000000052890000 - 0x0000000052898000 	C:\Users\Sachini\Documents\GitHub\Research\Heart Rate Monitor\Processing\processing-3.2.3\java\bin\npt.dll
0x0000000053770000 - 0x0000000053786000 	C:\Users\Sachini\Documents\GitHub\Research\Heart Rate Monitor\Processing\processing-3.2.3\java\bin\zip.dll
0x00007ff9e7790000 - 0x00007ff9e8c99000 	C:\WINDOWS\System32\SHELL32.dll
0x00007ff9e66d0000 - 0x00007ff9e6daa000 	C:\WINDOWS\System32\windows.storage.dll
0x00007ff9e6180000 - 0x00007ff9e61cc000 	C:\WINDOWS\System32\powrprof.dll
0x00007ff9e9760000 - 0x00007ff9e97b2000 	C:\WINDOWS\System32\shlwapi.dll
0x00007ff9e6170000 - 0x00007ff9e617f000 	C:\WINDOWS\System32\kernel.appcore.dll
0x00007ff9e6620000 - 0x00007ff9e66c9000 	C:\WINDOWS\System32\shcore.dll
0x00007ff9e6150000 - 0x00007ff9e6164000 	C:\WINDOWS\System32\profapi.dll
0x0000000052880000 - 0x0000000052889000 	C:\Users\Sachini\Documents\GitHub\Research\Heart Rate Monitor\Processing\processing-3.2.3\java\bin\dt_socket.dll
0x00007ff9e5950000 - 0x00007ff9e59ac000 	C:\WINDOWS\system32\mswsock.dll
0x00000000535d0000 - 0x0000000053768000 	C:\Users\Sachini\Documents\GitHub\Research\Heart Rate Monitor\Processing\processing-3.2.3\java\bin\awt.dll
0x00007ff9e7610000 - 0x00007ff9e76cf000 	C:\WINDOWS\System32\OLEAUT32.dll
0x00007ff9e71e0000 - 0x00007ff9e727c000 	C:\WINDOWS\System32\msvcp_win.dll
0x00007ff9e4600000 - 0x00007ff9e467a000 	C:\WINDOWS\SYSTEM32\apphelp.dll
0x00007ff9e47e0000 - 0x00007ff9e4875000 	C:\WINDOWS\system32\uxtheme.dll
0x00007ff9e8ef0000 - 0x00007ff9e904b000 	C:\WINDOWS\System32\MSCTF.dll
0x00007ff9c3a10000 - 0x00007ff9c3ae5000 	c:\Program Files\Hewlett-Packard\HP ProtectTools Security Manager\Bin\DpoFeedb.dll
0x00007ff9e57d0000 - 0x00007ff9e57ef000 	C:\WINDOWS\SYSTEM32\USERENV.dll
0x00007ff9e40a0000 - 0x00007ff9e40c6000 	C:\WINDOWS\system32\dwmapi.dll
0x00007ff9e9520000 - 0x00007ff9e9657000 	C:\WINDOWS\System32\ole32.dll
0x00007ff9c92a0000 - 0x00007ff9c92f7000 	c:\Program Files\Hewlett-Packard\HP ProtectTools Security Manager\Bin\DpoSet.dll
0x0000000053540000 - 0x0000000053587000 	C:\Users\Sachini\Documents\GitHub\Research\Heart Rate Monitor\Processing\processing-3.2.3\java\bin\fontmanager.dll
0x0000000064940000 - 0x0000000064955000 	C:\Users\Sachini\Documents\Processing\libraries\sound\library\windows64\libwinpthread-1.dll
0x0000000070440000 - 0x00000000705c1000 	C:\Users\Sachini\Documents\Processing\libraries\sound\library\windows64\libsndfile-1.dll
0x0000000063c80000 - 0x0000000063e0e000 	C:\Users\Sachini\Documents\Processing\libraries\sound\library\windows64\libmpg123-0.dll
0x0000000065880000 - 0x0000000065f32000 	C:\Users\Sachini\Documents\Processing\libraries\sound\library\windows64\libmethcla.dll
0x000000006b980000 - 0x000000006bb8e000 	C:\Users\Sachini\Documents\Processing\libraries\sound\library\windows64\libMethClaInterface.dll
0x00007ff9e8ca0000 - 0x00007ff9e8d3f000 	C:\WINDOWS\System32\clbcatq.dll
0x00007ff9e05a0000 - 0x00007ff9e0611000 	C:\WINDOWS\System32\MMDevApi.dll
0x00007ff9e4d20000 - 0x00007ff9e4d48000 	C:\WINDOWS\System32\DEVOBJ.dll
0x00007ff9e3cf0000 - 0x00007ff9e3e75000 	C:\WINDOWS\System32\PROPSYS.dll
0x00007ff9dc5d0000 - 0x00007ff9dc664000 	C:\WINDOWS\SYSTEM32\AUDIOSES.DLL
0x00007ff9e2820000 - 0x00007ff9e2956000 	C:\WINDOWS\SYSTEM32\wintypes.dll
0x00007ff9d51c0000 - 0x00007ff9d5352000 	C:\WINDOWS\SYSTEM32\dbghelp.dll

VM Arguments:
jvm_args: -agentlib:jdwp=transport=dt_socket,address=8372,server=y,suspend=y,quiet=y -Djna.nosys=true -Djava.ext.dirs=C:\Users\Sachini\Documents\GitHub\Research\Heart Rate Monitor\Processing\processing-3.2.3\java\lib\ext -Djava.library.path=;C:\Users\Sachini\Documents\GitHub\Research\Heart Rate Monitor\Processing\processing-3.2.3\core\library;C:\Users\Sachini\Documents\Processing\libraries\sound\library\windows64;C:\Users\Sachini\Documents\Processing\libraries\minim\library;C:\Users\Sachini\Documents\GitHub\Research\Heart Rate Monitor\Processing\processing-3.2.3\java\bin;C:\WINDOWS\system32;C:\WINDOWS;C:\ProgramData\Oracle\Java\javapath;C:\Program Files (x86)\NVIDIA Corporation\PhysX\Common;c:\Program Files (x86)\Intel\iCLS Client;c:\Program Files\Intel\iCLS Client;C:\WINDOWS\system32;C:\WINDOWS;C:\WINDOWS\System32\Wbem;C:\WINDOWS\System32\WindowsPowerShell\v1.0;c:\Program Files (x86)\Hewlett-Packard\HP ProtectTools Security Manager\Bin;C:\Program Files\Intel\Intel(R) Management Engine Components\DAL;C:\Program Files\Intel\Intel(R) Management Engine Components\IPT;C:\Program Files (x86)\Intel\Intel(R) Management Engine Components\DAL;C:\Program Files (x86)\Intel\Intel(R) Management Engine Components\IPT;C:\Program Files (x86)\Skype\Phone;C:\Program Files (x86)\Windows Live\Shared;C:\Program Files\Microsoft DNX\Dnvm;C:\Program Files\Microsoft SQL Server\130\Tools\Binn;C:\Users\Sachini\AppData\Local\Microsoft\WindowsApps;C:\Users\Sachini\Documents\GitHub\Research\Heart Rate Monitor\Processing\processing-3.2.3\java\bin;. -ea 
java_command: processing.core.PApplet --location=230,69 --external --display=1 --sketch-path=C:\Users\Sachini\Documents\GitHub\Research\Heart Rate Monitor\Processing\noiseGraph noiseGraph
java_class_path (initial): C:\Users\Sachini\AppData\Local\Temp\noiseGraph3189148578572385544temp;C:\Users\Sachini\Documents\GitHub\Research\Heart Rate Monitor\Processing\processing-3.2.3\core\library\core.jar;C:\Users\Sachini\Documents\GitHub\Research\Heart Rate Monitor\Processing\processing-3.2.3\core\library\gluegen-rt-natives-linux-amd64.jar;C:\Users\Sachini\Documents\GitHub\Research\Heart Rate Monitor\Processing\processing-3.2.3\core\library\gluegen-rt-natives-linux-armv6hf.jar;C:\Users\Sachini\Documents\GitHub\Research\Heart Rate Monitor\Processing\processing-3.2.3\core\library\gluegen-rt-natives-linux-i586.jar;C:\Users\Sachini\Documents\GitHub\Research\Heart Rate Monitor\Processing\processing-3.2.3\core\library\gluegen-rt-natives-macosx-universal.jar;C:\Users\Sachini\Documents\GitHub\Research\Heart Rate Monitor\Processing\processing-3.2.3\core\library\gluegen-rt-natives-windows-amd64.jar;C:\Users\Sachini\Documents\GitHub\Research\Heart Rate Monitor\Processing\processing-3.2.3\core\library\gluegen-rt-natives-windows-i586.jar;C:\Users\Sachini\Documents\GitHub\Research\Heart Rate Monitor\Processing\processing-3.2.3\core\library\gluegen-rt.jar;C:\Users\Sachini\Documents\GitHub\Research\Heart Rate Monitor\Processing\processing-3.2.3\core\library\jogl-all-natives-linux-amd64.jar;C:\Users\Sachini\Documents\GitHub\Research\Heart Rate Monitor\Processing\processing-3.2.3\core\library\jogl-all-natives-linux-armv6hf.jar;C:\Users\Sachini\Documents\GitHub\Research\Heart Rate Monitor\Processing\processing-3.2.3\core\library\jogl-all-natives-linux-i586.jar;C:\Users\Sachini\Documents\GitHub\Research\Heart Rate Monitor\Processing\processing-3.2.3\core\library\jogl-all-natives-macosx-universal.jar;C:\Users\Sachini\Documents\GitHub\Research\Heart Rate Monitor\Processing\processing-3.2.3\core\library\jogl-all-natives-windows-amd64.jar;C:\Users\Sachini\Documents\GitHub\Research\Heart Rate Monitor\Processing\processing-3.2.3\core\library\jogl-all-natives-windows-i586.jar;C:\Users\
Launcher Type: SUN_STANDARD

Environment Variables:
PATH=C:\ProgramData\Oracle\Java\javapath;C:\Program Files (x86)\NVIDIA Corporation\PhysX\Common;c:\Program Files (x86)\Intel\iCLS Client\;c:\Program Files\Intel\iCLS Client\;C:\WINDOWS\system32;C:\WINDOWS;C:\WINDOWS\System32\Wbem;C:\WINDOWS\System32\WindowsPowerShell\v1.0\;c:\Program Files (x86)\Hewlett-Packard\HP ProtectTools Security Manager\Bin\;C:\Program Files\Intel\Intel(R) Management Engine Components\DAL;C:\Program Files\Intel\Intel(R) Management Engine Components\IPT;C:\Program Files (x86)\Intel\Intel(R) Management Engine Components\DAL;C:\Program Files (x86)\Intel\Intel(R) Management Engine Components\IPT;C:\Program Files (x86)\Skype\Phone\;C:\Program Files (x86)\Windows Live\Shared;C:\WINDOWS\system32\config\systemprofile\.dnx\bin;C:\Program Files\Microsoft DNX\Dnvm\;C:\Program Files\Microsoft SQL Server\130\Tools\Binn\;C:\Users\Sachini\AppData\Local\Microsoft\WindowsApps;;C:\Users\Sachini\Documents\GitHub\Research\Heart Rate Monitor\Processing\processing-3.2.3\java\bin
USERNAME=Sachi
OS=Windows_NT
PROCESSOR_IDENTIFIER=Intel64 Family 6 Model 58 Stepping 9, GenuineIntel



---------------  S Y S T E M  ---------------

OS: Windows 10.0 , 64 bit Build 14393 (10.0.14393.0)

CPU:total 4 (2 cores per cpu, 2 threads per core) family 6 model 58 stepping 9, cmov, cx8, fxsr, mmx, sse, sse2, sse3, ssse3, sse4.1, sse4.2, popcnt, avx, aes, clmul, erms, ht, tsc, tscinvbit, tscinv

Memory: 4k page, physical 8278292k(4913420k free), swap 12424868k(794412k free)

vm_info: Java HotSpot(TM) 64-Bit Server VM (25.111-b14) for windows-amd64 JRE (1.8.0_111-b14), built on Sep 22 2016 19:24:05 by "java_re" with MS VC++ 10.0 (VS2010)

time: Mon Dec 05 10:27:15 2016
elapsed time: 11 seconds (0d 0h 0m 11s)

